\BOOKMARK [0][-]{chapter.1}{\376\377\000I\000n\000t\000r\000o\000d\000u\000c\000c\000i\000\363\000n}{}% 1
\BOOKMARK [1][-]{section.1.1}{\376\377\000O\000b\000j\000e\000t\000i\000v\000o\000\040\000d\000e\000l\000\040\000p\000r\000o\000y\000e\000c\000t\000o}{chapter.1}% 2
\BOOKMARK [1][-]{section.1.2}{\376\377\000A\000l\000c\000a\000n\000c\000e\000\040\000d\000e\000l\000\040\000p\000r\000o\000y\000e\000c\000t\000o}{chapter.1}% 3
\BOOKMARK [2][-]{subsection.1.2.1}{\376\377\000M\000o\000t\000i\000v\000a\000c\000i\000\363\000n}{section.1.2}% 4
\BOOKMARK [2][-]{subsection.1.2.2}{\376\377\000P\000l\000a\000n\000i\000f\000i\000c\000a\000c\000i\000\363\000n}{section.1.2}% 5
\BOOKMARK [0][-]{chapter.2}{\376\377\000O\000b\000j\000e\000t\000i\000v\000o\000s}{}% 6
\BOOKMARK [1][-]{section.2.1}{\376\377\000D\000e\000s\000c\000r\000i\000p\000c\000i\000\363\000n\000\040\000d\000e\000l\000\040\000p\000r\000o\000b\000l\000e\000m\000a}{chapter.2}% 7
\BOOKMARK [1][-]{section.2.2}{\376\377\000E\000s\000t\000u\000d\000i\000o\000\040\000d\000e\000\040\000a\000l\000t\000e\000r\000n\000a\000t\000i\000v\000a\000s}{chapter.2}% 8
\BOOKMARK [1][-]{section.2.3}{\376\377\000M\000e\000t\000o\000d\000o\000l\000o\000g\000\355\000a\000\040\000e\000m\000p\000l\000e\000a\000d\000a}{chapter.2}% 9
\BOOKMARK [0][-]{chapter.3}{\376\377\000D\000e\000s\000c\000r\000i\000p\000c\000i\000\363\000n\000\040\000i\000n\000f\000o\000r\000m\000\341\000t\000i\000c\000a}{}% 10
\BOOKMARK [1][-]{section.3.1}{\376\377\000E\000s\000p\000e\000c\000i\000f\000i\000c\000a\000c\000i\000\363\000n}{chapter.3}% 11
\BOOKMARK [1][-]{section.3.2}{\376\377\000D\000i\000s\000e\000\361\000o}{chapter.3}% 12
\BOOKMARK [1][-]{section.3.3}{\376\377\000I\000m\000p\000l\000e\000m\000e\000n\000t\000a\000c\000i\000\363\000n}{chapter.3}% 13
\BOOKMARK [1][-]{section.3.4}{\376\377\000P\000r\000u\000e\000b\000a\000s}{chapter.3}% 14
\BOOKMARK [0][-]{chapter.4}{\376\377\000E\000x\000p\000e\000r\000i\000m\000e\000n\000t\000o\000s\000\040\000y\000\040\000v\000a\000l\000i\000d\000a\000c\000i\000o\000n\000e\000s}{}% 15
\BOOKMARK [1][-]{section.4.1}{\376\377\000E\000x\000p\000e\000r\000i\000m\000e\000n\000t\000o\000s\000\040\000r\000e\000a\000l\000i\000z\000a\000d\000o\000s}{chapter.4}% 16
\BOOKMARK [1][-]{section.4.2}{\376\377\000P\000r\000o\000b\000l\000e\000m\000a\000s\000\040\000e\000n\000c\000o\000n\000t\000r\000a\000d\000o\000s}{chapter.4}% 17
\BOOKMARK [1][-]{section.4.3}{\376\377\000S\000o\000l\000u\000c\000i\000o\000n\000e\000s\000\040\000y\000\040\000p\000r\000o\000p\000u\000e\000s\000t\000a\000s}{chapter.4}% 18
\BOOKMARK [0][-]{chapter.5}{\376\377\000C\000o\000n\000c\000l\000u\000s\000i\000o\000n\000e\000s}{}% 19
\BOOKMARK [1][-]{section.5.1}{\376\377\000L\000o\000g\000r\000o\000s\000\040\000p\000r\000i\000n\000c\000i\000p\000a\000l\000e\000s\000\040\000a\000l\000c\000a\000n\000z\000a\000d\000o\000s}{chapter.5}% 20
\BOOKMARK [1][-]{section.5.2}{\376\377\000T\000r\000a\000b\000a\000j\000o\000s\000\040\000f\000u\000t\000u\000r\000o\000s}{chapter.5}% 21
\BOOKMARK [0][-]{chapter.6}{\376\377\000A\000p\000\351\000n\000d\000i\000c\000e\000s}{}% 22
\BOOKMARK [1][-]{section.6.1}{\376\377\000I\000n\000f\000o\000r\000m\000a\000c\000i\000\363\000n\000\040\000d\000e\000\040\000i\000n\000t\000e\000r\000\351\000s}{chapter.6}% 23
\BOOKMARK [0][-]{appendix*.18}{\376\377\000B\000i\000b\000l\000i\000o\000g\000r\000a\000f\000\355\000a}{}% 24
